Performing C SOURCE FILE Test CMAKE_HAVE_LIBC_PTHREAD failed with the following output:
Change Dir: /home/jlbarry1/moos-ivp/build/MOOS/MOOSCore/CMakeFiles/CMakeTmp

Run Build Command(s):/usr/bin/gmake cmTC_2decc/fast && /usr/bin/gmake -f CMakeFiles/cmTC_2decc.dir/build.make CMakeFiles/cmTC_2decc.dir/build
gmake[1]: Entering directory '/home/jlbarry1/moos-ivp/build/MOOS/MOOSCore/CMakeFiles/CMakeTmp'
Building C object CMakeFiles/cmTC_2decc.dir/src.c.o
/usr/bin/cc   -Wall -Wextra -Wno-unused-parameter -pedantic -fPIC -Os -Wextra -DCMAKE_HAVE_LIBC_PTHREAD -fPIE   -o CMakeFiles/cmTC_2decc.dir/src.c.o   -c /home/jlbarry1/moos-ivp/build/MOOS/MOOSCore/CMakeFiles/CMakeTmp/src.c
Linking C executable cmTC_2decc
/usr/bin/cmake -E cmake_link_script CMakeFiles/cmTC_2decc.dir/link.txt --verbose=1
/usr/bin/cc -Wall -Wextra -Wno-unused-parameter -pedantic -fPIC -Os -Wextra -DCMAKE_HAVE_LIBC_PTHREAD    -rdynamic CMakeFiles/cmTC_2decc.dir/src.c.o  -o cmTC_2decc 
/usr/bin/ld: CMakeFiles/cmTC_2decc.dir/src.c.o: in function `main':
src.c:(.text.startup+0x29): undefined reference to `pthread_create'
/usr/bin/ld: src.c:(.text.startup+0x32): undefined reference to `pthread_detach'
/usr/bin/ld: src.c:(.text.startup+0x3d): undefined reference to `pthread_join'
collect2: error: ld returned 1 exit status
gmake[1]: *** [CMakeFiles/cmTC_2decc.dir/build.make:87: cmTC_2decc] Error 1
gmake[1]: Leaving directory '/home/jlbarry1/moos-ivp/build/MOOS/MOOSCore/CMakeFiles/CMakeTmp'
gmake: *** [Makefile:121: cmTC_2decc/fast] Error 2


Source file was:
#include <pthread.h>

void* test_func(void* data)
{
  return data;
}

int main(void)
{
  pthread_t thread;
  pthread_create(&thread, NULL, test_func, NULL);
  pthread_detach(thread);
  pthread_join(thread, NULL);
  pthread_atfork(NULL, NULL, NULL);
  pthread_exit(NULL);

  return 0;
}

